{"total": {"lines":{"total":50852,"covered":9428,"skipped":0,"pct":18.54},"statements":{"total":50852,"covered":9428,"skipped":0,"pct":18.54},"functions":{"total":448,"covered":316,"skipped":0,"pct":70.53},"branches":{"total":1699,"covered":1207,"skipped":0,"pct":71.04},"branchesTrue":{"total":0,"covered":0,"skipped":0,"pct":100}}
,"/home/user/v0-lexora-accounting-saa-s/lib/agent-auth.ts": {"lines":{"total":36,"covered":0,"skipped":0,"pct":0},"functions":{"total":1,"covered":0,"skipped":0,"pct":0},"statements":{"total":36,"covered":0,"skipped":0,"pct":0},"branches":{"total":1,"covered":0,"skipped":0,"pct":0}}
,"/home/user/v0-lexora-accounting-saa-s/lib/amortissements.ts": {"lines":{"total":54,"covered":0,"skipped":0,"pct":0},"functions":{"total":1,"covered":1,"skipped":0,"pct":100},"statements":{"total":54,"covered":0,"skipped":0,"pct":0},"branches":{"total":1,"covered":1,"skipped":0,"pct":100}}
,"/home/user/v0-lexora-accounting-saa-s/lib/bankFormats.ts": {"lines":{"total":299,"covered":0,"skipped":0,"pct":0},"functions":{"total":1,"covered":1,"skipped":0,"pct":100},"statements":{"total":299,"covered":0,"skipped":0,"pct":0},"branches":{"total":1,"covered":1,"skipped":0,"pct":100}}
,"/home/user/v0-lexora-accounting-saa-s/lib/claude.ts": {"lines":{"total":46,"covered":0,"skipped":0,"pct":0},"functions":{"total":1,"covered":0,"skipped":0,"pct":0},"statements":{"total":46,"covered":0,"skipped":0,"pct":0},"branches":{"total":1,"covered":0,"skipped":0,"pct":0}}
,"/home/user/v0-lexora-accounting-saa-s/lib/i18n.ts": {"lines":{"total":566,"covered":0,"skipped":0,"pct":0},"functions":{"total":1,"covered":0,"skipped":0,"pct":0},"statements":{"total":566,"covered":0,"skipped":0,"pct":0},"branches":{"total":1,"covered":0,"skipped":0,"pct":0}}
,"/home/user/v0-lexora-accounting-saa-s/lib/lexora-internal-auth.ts": {"lines":{"total":28,"covered":0,"skipped":0,"pct":0},"functions":{"total":1,"covered":0,"skipped":0,"pct":0},"statements":{"total":28,"covered":0,"skipped":0,"pct":0},"branches":{"total":1,"covered":0,"skipped":0,"pct":0}}
,"/home/user/v0-lexora-accounting-saa-s/lib/mra-ifp.ts": {"lines":{"total":350,"covered":0,"skipped":0,"pct":0},"functions":{"total":1,"covered":0,"skipped":0,"pct":0},"statements":{"total":350,"covered":0,"skipped":0,"pct":0},"branches":{"total":1,"covered":0,"skipped":0,"pct":0}}
,"/home/user/v0-lexora-accounting-saa-s/lib/notifications.ts": {"lines":{"total":47,"covered":0,"skipped":0,"pct":0},"functions":{"total":1,"covered":0,"skipped":0,"pct":0},"statements":{"total":47,"covered":0,"skipped":0,"pct":0},"branches":{"total":1,"covered":0,"skipped":0,"pct":0}}
,"/home/user/v0-lexora-accounting-saa-s/lib/process-document.ts": {"lines":{"total":87,"covered":0,"skipped":0,"pct":0},"functions":{"total":1,"covered":0,"skipped":0,"pct":0},"statements":{"total":87,"covered":0,"skipped":0,"pct":0},"branches":{"total":1,"covered":0,"skipped":0,"pct":0}}
,"/home/user/v0-lexora-accounting-saa-s/lib/taux-change.ts": {"lines":{"total":251,"covered":0,"skipped":0,"pct":0},"functions":{"total":1,"covered":0,"skipped":0,"pct":0},"statements":{"total":251,"covered":0,"skipped":0,"pct":0},"branches":{"total":1,"covered":0,"skipped":0,"pct":0}}
,"/home/user/v0-lexora-accounting-saa-s/lib/tiers-annuaire.ts": {"lines":{"total":166,"covered":0,"skipped":0,"pct":0},"functions":{"total":1,"covered":1,"skipped":0,"pct":100},"statements":{"total":166,"covered":0,"skipped":0,"pct":0},"branches":{"total":1,"covered":1,"skipped":0,"pct":100}}
,"/home/user/v0-lexora-accounting-saa-s/lib/tokens.ts": {"lines":{"total":90,"covered":0,"skipped":0,"pct":0},"functions":{"total":1,"covered":1,"skipped":0,"pct":100},"statements":{"total":90,"covered":0,"skipped":0,"pct":0},"branches":{"total":1,"covered":1,"skipped":0,"pct":100}}
,"/home/user/v0-lexora-accounting-saa-s/lib/tresorerie.ts": {"lines":{"total":51,"covered":0,"skipped":0,"pct":0},"functions":{"total":1,"covered":0,"skipped":0,"pct":0},"statements":{"total":51,"covered":0,"skipped":0,"pct":0},"branches":{"total":1,"covered":0,"skipped":0,"pct":0}}
,"/home/user/v0-lexora-accounting-saa-s/lib/types.ts": {"lines":{"total":0,"covered":0,"skipped":0,"pct":0},"functions":{"total":1,"covered":1,"skipped":0,"pct":0},"statements":{"total":0,"covered":0,"skipped":0,"pct":0},"branches":{"total":1,"covered":1,"skipped":0,"pct":0}}
,"/home/user/v0-lexora-accounting-saa-s/lib/utils.ts": {"lines":{"total":4,"covered":0,"skipped":0,"pct":0},"functions":{"total":1,"covered":0,"skipped":0,"pct":0},"statements":{"total":4,"covered":0,"skipped":0,"pct":0},"branches":{"total":1,"covered":0,"skipped":0,"pct":0}}
,"/home/user/v0-lexora-accounting-saa-s/lib/accounting/accounting-rules.ts": {"lines":{"total":68,"covered":0,"skipped":0,"pct":0},"functions":{"total":1,"covered":0,"skipped":0,"pct":0},"statements":{"total":68,"covered":0,"skipped":0,"pct":0},"branches":{"total":1,"covered":0,"skipped":0,"pct":0}}
,"/home/user/v0-lexora-accounting-saa-s/lib/accounting/bnq-dedupe.ts": {"lines":{"total":109,"covered":100,"skipped":0,"pct":91.74},"functions":{"total":3,"covered":3,"skipped":0,"pct":100},"statements":{"total":109,"covered":100,"skipped":0,"pct":91.74},"branches":{"total":39,"covered":18,"skipped":0,"pct":46.15}}
,"/home/user/v0-lexora-accounting-saa-s/lib/accounting/classification-engine.ts": {"lines":{"total":90,"covered":0,"skipped":0,"pct":0},"functions":{"total":1,"covered":1,"skipped":0,"pct":100},"statements":{"total":90,"covered":0,"skipped":0,"pct":0},"branches":{"total":1,"covered":1,"skipped":0,"pct":100}}
,"/home/user/v0-lexora-accounting-saa-s/lib/accounting/classification-rules.ts": {"lines":{"total":266,"covered":262,"skipped":0,"pct":98.49},"functions":{"total":9,"covered":9,"skipped":0,"pct":100},"statements":{"total":266,"covered":262,"skipped":0,"pct":98.49},"branches":{"total":72,"covered":62,"skipped":0,"pct":86.11}}
,"/home/user/v0-lexora-accounting-saa-s/lib/accounting/comptes-bancaires.ts": {"lines":{"total":80,"covered":0,"skipped":0,"pct":0},"functions":{"total":1,"covered":1,"skipped":0,"pct":100},"statements":{"total":80,"covered":0,"skipped":0,"pct":0},"branches":{"total":1,"covered":1,"skipped":0,"pct":100}}
,"/home/user/v0-lexora-accounting-saa-s/lib/accounting/consolidation.ts": {"lines":{"total":23,"covered":23,"skipped":0,"pct":100},"functions":{"total":4,"covered":4,"skipped":0,"pct":100},"statements":{"total":23,"covered":23,"skipped":0,"pct":100},"branches":{"total":9,"covered":9,"skipped":0,"pct":100}}
,"/home/user/v0-lexora-accounting-saa-s/lib/accounting/crs-fatca.ts": {"lines":{"total":33,"covered":33,"skipped":0,"pct":100},"functions":{"total":3,"covered":3,"skipped":0,"pct":100},"statements":{"total":33,"covered":33,"skipped":0,"pct":100},"branches":{"total":14,"covered":12,"skipped":0,"pct":85.71}}
,"/home/user/v0-lexora-accounting-saa-s/lib/accounting/ecritures-factures.ts": {"lines":{"total":421,"covered":308,"skipped":0,"pct":73.15},"functions":{"total":2,"covered":2,"skipped":0,"pct":100},"statements":{"total":421,"covered":308,"skipped":0,"pct":73.15},"branches":{"total":113,"covered":69,"skipped":0,"pct":61.06}}
,"/home/user/v0-lexora-accounting-saa-s/lib/accounting/functional-currency.ts": {"lines":{"total":67,"covered":66,"skipped":0,"pct":98.5},"functions":{"total":5,"covered":5,"skipped":0,"pct":100},"statements":{"total":67,"covered":66,"skipped":0,"pct":98.5},"branches":{"total":48,"covered":44,"skipped":0,"pct":91.66}}
,"/home/user/v0-lexora-accounting-saa-s/lib/accounting/gbc-auto-tagging.ts": {"lines":{"total":140,"covered":131,"skipped":0,"pct":93.57},"functions":{"total":1,"covered":1,"skipped":0,"pct":100},"statements":{"total":140,"covered":131,"skipped":0,"pct":93.57},"branches":{"total":37,"covered":20,"skipped":0,"pct":54.05}}
,"/home/user/v0-lexora-accounting-saa-s/lib/accounting/historical-rates.ts": {"lines":{"total":113,"covered":0,"skipped":0,"pct":0},"functions":{"total":1,"covered":1,"skipped":0,"pct":100},"statements":{"total":113,"covered":0,"skipped":0,"pct":0},"branches":{"total":1,"covered":1,"skipped":0,"pct":100}}
,"/home/user/v0-lexora-accounting-saa-s/lib/accounting/intelligent-rapprochement.ts": {"lines":{"total":960,"covered":0,"skipped":0,"pct":0},"functions":{"total":1,"covered":0,"skipped":0,"pct":0},"statements":{"total":960,"covered":0,"skipped":0,"pct":0},"branches":{"total":1,"covered":0,"skipped":0,"pct":0}}
,"/home/user/v0-lexora-accounting-saa-s/lib/accounting/leases-ifrs16.ts": {"lines":{"total":60,"covered":60,"skipped":0,"pct":100},"functions":{"total":4,"covered":4,"skipped":0,"pct":100},"statements":{"total":60,"covered":60,"skipped":0,"pct":100},"branches":{"total":11,"covered":10,"skipped":0,"pct":90.9}}
,"/home/user/v0-lexora-accounting-saa-s/lib/accounting/lettrage.ts": {"lines":{"total":195,"covered":0,"skipped":0,"pct":0},"functions":{"total":1,"covered":1,"skipped":0,"pct":100},"statements":{"total":195,"covered":0,"skipped":0,"pct":0},"branches":{"total":1,"covered":1,"skipped":0,"pct":100}}
,"/home/user/v0-lexora-accounting-saa-s/lib/accounting/matching-engine.ts": {"lines":{"total":482,"covered":342,"skipped":0,"pct":70.95},"functions":{"total":17,"covered":16,"skipped":0,"pct":94.11},"statements":{"total":482,"covered":342,"skipped":0,"pct":70.95},"branches":{"total":226,"covered":113,"skipped":0,"pct":50}}
,"/home/user/v0-lexora-accounting-saa-s/lib/accounting/mra-csr.ts": {"lines":{"total":22,"covered":22,"skipped":0,"pct":100},"functions":{"total":2,"covered":2,"skipped":0,"pct":100},"statements":{"total":22,"covered":22,"skipped":0,"pct":100},"branches":{"total":11,"covered":11,"skipped":0,"pct":100}}
,"/home/user/v0-lexora-accounting-saa-s/lib/accounting/mra-deadlines.ts": {"lines":{"total":32,"covered":32,"skipped":0,"pct":100},"functions":{"total":2,"covered":2,"skipped":0,"pct":100},"statements":{"total":32,"covered":32,"skipped":0,"pct":100},"branches":{"total":12,"covered":10,"skipped":0,"pct":83.33}}
,"/home/user/v0-lexora-accounting-saa-s/lib/accounting/mra-xml.ts": {"lines":{"total":44,"covered":0,"skipped":0,"pct":0},"functions":{"total":1,"covered":1,"skipped":0,"pct":100},"statements":{"total":44,"covered":0,"skipped":0,"pct":0},"branches":{"total":1,"covered":1,"skipped":0,"pct":100}}
,"/home/user/v0-lexora-accounting-saa-s/lib/accounting/paiements-factures.ts": {"lines":{"total":120,"covered":113,"skipped":0,"pct":94.16},"functions":{"total":2,"covered":2,"skipped":0,"pct":100},"statements":{"total":120,"covered":113,"skipped":0,"pct":94.16},"branches":{"total":57,"covered":37,"skipped":0,"pct":64.91}}
,"/home/user/v0-lexora-accounting-saa-s/lib/accounting/per.ts": {"lines":{"total":42,"covered":40,"skipped":0,"pct":95.23},"functions":{"total":5,"covered":5,"skipped":0,"pct":100},"statements":{"total":42,"covered":40,"skipped":0,"pct":95.23},"branches":{"total":23,"covered":19,"skipped":0,"pct":82.6}}
,"/home/user/v0-lexora-accounting-saa-s/lib/accounting/period-lock.ts": {"lines":{"total":77,"covered":0,"skipped":0,"pct":0},"functions":{"total":1,"covered":1,"skipped":0,"pct":100},"statements":{"total":77,"covered":0,"skipped":0,"pct":0},"branches":{"total":1,"covered":1,"skipped":0,"pct":100}}
,"/home/user/v0-lexora-accounting-saa-s/lib/accounting/pillar-two.ts": {"lines":{"total":35,"covered":35,"skipped":0,"pct":100},"functions":{"total":5,"covered":5,"skipped":0,"pct":100},"statements":{"total":35,"covered":35,"skipped":0,"pct":100},"branches":{"total":12,"covered":11,"skipped":0,"pct":91.66}}
,"/home/user/v0-lexora-accounting-saa-s/lib/accounting/regime.ts": {"lines":{"total":50,"covered":50,"skipped":0,"pct":100},"functions":{"total":4,"covered":4,"skipped":0,"pct":100},"statements":{"total":50,"covered":50,"skipped":0,"pct":100},"branches":{"total":23,"covered":23,"skipped":0,"pct":100}}
,"/home/user/v0-lexora-accounting-saa-s/lib/accounting/semantic-rapprochement.ts": {"lines":{"total":193,"covered":0,"skipped":0,"pct":0},"functions":{"total":1,"covered":1,"skipped":0,"pct":100},"statements":{"total":193,"covered":0,"skipped":0,"pct":0},"branches":{"total":1,"covered":1,"skipped":0,"pct":100}}
,"/home/user/v0-lexora-accounting-saa-s/lib/accounting/substance.ts": {"lines":{"total":28,"covered":28,"skipped":0,"pct":100},"functions":{"total":2,"covered":2,"skipped":0,"pct":100},"statements":{"total":28,"covered":28,"skipped":0,"pct":100},"branches":{"total":10,"covered":10,"skipped":0,"pct":100}}
,"/home/user/v0-lexora-accounting-saa-s/lib/accounting/tds.ts": {"lines":{"total":52,"covered":0,"skipped":0,"pct":0},"functions":{"total":1,"covered":1,"skipped":0,"pct":100},"statements":{"total":52,"covered":0,"skipped":0,"pct":0},"branches":{"total":1,"covered":1,"skipped":0,"pct":100}}
,"/home/user/v0-lexora-accounting-saa-s/lib/accounting/transfer-pricing.ts": {"lines":{"total":30,"covered":30,"skipped":0,"pct":100},"functions":{"total":4,"covered":4,"skipped":0,"pct":100},"statements":{"total":30,"covered":30,"skipped":0,"pct":100},"branches":{"total":20,"covered":18,"skipped":0,"pct":90}}
,"/home/user/v0-lexora-accounting-saa-s/lib/accounting/ubo.ts": {"lines":{"total":21,"covered":21,"skipped":0,"pct":100},"functions":{"total":4,"covered":4,"skipped":0,"pct":100},"statements":{"total":21,"covered":21,"skipped":0,"pct":100},"branches":{"total":10,"covered":10,"skipped":0,"pct":100}}
,"/home/user/v0-lexora-accounting-saa-s/lib/accounting/validate-bank-currency.ts": {"lines":{"total":73,"covered":0,"skipped":0,"pct":0},"functions":{"total":1,"covered":1,"skipped":0,"pct":100},"statements":{"total":73,"covered":0,"skipped":0,"pct":0},"branches":{"total":1,"covered":1,"skipped":0,"pct":100}}
,"/home/user/v0-lexora-accounting-saa-s/lib/accounting/rapprochement/lettrage.ts": {"lines":{"total":144,"covered":0,"skipped":0,"pct":0},"functions":{"total":1,"covered":1,"skipped":0,"pct":100},"statements":{"total":144,"covered":0,"skipped":0,"pct":0},"branches":{"total":1,"covered":1,"skipped":0,"pct":100}}
,"/home/user/v0-lexora-accounting-saa-s/lib/accounting/rapprochement/matching-engine.ts": {"lines":{"total":92,"covered":0,"skipped":0,"pct":0},"functions":{"total":1,"covered":1,"skipped":0,"pct":100},"statements":{"total":92,"covered":0,"skipped":0,"pct":0},"branches":{"total":1,"covered":1,"skipped":0,"pct":100}}
,"/home/user/v0-lexora-accounting-saa-s/lib/accounting/rapprochement/post-processing.ts": {"lines":{"total":1316,"covered":0,"skipped":0,"pct":0},"functions":{"total":1,"covered":0,"skipped":0,"pct":0},"statements":{"total":1316,"covered":0,"skipped":0,"pct":0},"branches":{"total":1,"covered":0,"skipped":0,"pct":0}}
,"/home/user/v0-lexora-accounting-saa-s/lib/admin/cascade-delete.ts": {"lines":{"total":317,"covered":0,"skipped":0,"pct":0},"functions":{"total":1,"covered":1,"skipped":0,"pct":100},"statements":{"total":317,"covered":0,"skipped":0,"pct":0},"branches":{"total":1,"covered":1,"skipped":0,"pct":100}}
,"/home/user/v0-lexora-accounting-saa-s/lib/ai/bank-statement-extraction.ts": {"lines":{"total":211,"covered":0,"skipped":0,"pct":0},"functions":{"total":1,"covered":1,"skipped":0,"pct":100},"statements":{"total":211,"covered":0,"skipped":0,"pct":0},"branches":{"total":1,"covered":1,"skipped":0,"pct":100}}
,"/home/user/v0-lexora-accounting-saa-s/lib/ai/prompts.ts": {"lines":{"total":116,"covered":0,"skipped":0,"pct":0},"functions":{"total":1,"covered":1,"skipped":0,"pct":100},"statements":{"total":116,"covered":0,"skipped":0,"pct":0},"branches":{"total":1,"covered":1,"skipped":0,"pct":100}}
,"/home/user/v0-lexora-accounting-saa-s/lib/audit/intercompany-export.ts": {"lines":{"total":196,"covered":0,"skipped":0,"pct":0},"functions":{"total":1,"covered":1,"skipped":0,"pct":100},"statements":{"total":196,"covered":0,"skipped":0,"pct":0},"branches":{"total":1,"covered":1,"skipped":0,"pct":100}}
,"/home/user/v0-lexora-accounting-saa-s/lib/audit/intercompany-reconciliation.ts": {"lines":{"total":346,"covered":63,"skipped":0,"pct":18.2},"functions":{"total":6,"covered":1,"skipped":0,"pct":16.66},"statements":{"total":346,"covered":63,"skipped":0,"pct":18.2},"branches":{"total":14,"covered":3,"skipped":0,"pct":21.42}}
,"/home/user/v0-lexora-accounting-saa-s/lib/audit/log-entry.ts": {"lines":{"total":168,"covered":0,"skipped":0,"pct":0},"functions":{"total":1,"covered":1,"skipped":0,"pct":100},"statements":{"total":168,"covered":0,"skipped":0,"pct":0},"branches":{"total":1,"covered":1,"skipped":0,"pct":100}}
,"/home/user/v0-lexora-accounting-saa-s/lib/audit/query-builder.ts": {"lines":{"total":244,"covered":0,"skipped":0,"pct":0},"functions":{"total":1,"covered":1,"skipped":0,"pct":100},"statements":{"total":244,"covered":0,"skipped":0,"pct":0},"branches":{"total":1,"covered":1,"skipped":0,"pct":100}}
,"/home/user/v0-lexora-accounting-saa-s/lib/bank/process-releve.ts": {"lines":{"total":355,"covered":0,"skipped":0,"pct":0},"functions":{"total":1,"covered":0,"skipped":0,"pct":0},"statements":{"total":355,"covered":0,"skipped":0,"pct":0},"branches":{"total":1,"covered":0,"skipped":0,"pct":0}}
,"/home/user/v0-lexora-accounting-saa-s/lib/bank/upsert-releve.ts": {"lines":{"total":38,"covered":0,"skipped":0,"pct":0},"functions":{"total":1,"covered":1,"skipped":0,"pct":100},"statements":{"total":38,"covered":0,"skipped":0,"pct":0},"branches":{"total":1,"covered":1,"skipped":0,"pct":100}}
,"/home/user/v0-lexora-accounting-saa-s/lib/banks/playwright-launcher.ts": {"lines":{"total":36,"covered":0,"skipped":0,"pct":0},"functions":{"total":1,"covered":1,"skipped":0,"pct":100},"statements":{"total":36,"covered":0,"skipped":0,"pct":0},"branches":{"total":1,"covered":1,"skipped":0,"pct":100}}
,"/home/user/v0-lexora-accounting-saa-s/lib/banks/scraper.ts": {"lines":{"total":180,"covered":0,"skipped":0,"pct":0},"functions":{"total":1,"covered":0,"skipped":0,"pct":0},"statements":{"total":180,"covered":0,"skipped":0,"pct":0},"branches":{"total":1,"covered":0,"skipped":0,"pct":0}}
,"/home/user/v0-lexora-accounting-saa-s/lib/banks/adapters/mcb.ts": {"lines":{"total":135,"covered":0,"skipped":0,"pct":0},"functions":{"total":1,"covered":0,"skipped":0,"pct":0},"statements":{"total":135,"covered":0,"skipped":0,"pct":0},"branches":{"total":1,"covered":0,"skipped":0,"pct":0}}
,"/home/user/v0-lexora-accounting-saa-s/lib/banque/iban-swift.ts": {"lines":{"total":88,"covered":88,"skipped":0,"pct":100},"functions":{"total":3,"covered":3,"skipped":0,"pct":100},"statements":{"total":88,"covered":88,"skipped":0,"pct":100},"branches":{"total":28,"covered":23,"skipped":0,"pct":82.14}}
,"/home/user/v0-lexora-accounting-saa-s/lib/catalogue/validate.ts": {"lines":{"total":25,"covered":25,"skipped":0,"pct":100},"functions":{"total":1,"covered":1,"skipped":0,"pct":100},"statements":{"total":25,"covered":25,"skipped":0,"pct":100},"branches":{"total":19,"covered":17,"skipped":0,"pct":89.47}}
,"/home/user/v0-lexora-accounting-saa-s/lib/client/active-societe.ts": {"lines":{"total":26,"covered":0,"skipped":0,"pct":0},"functions":{"total":1,"covered":0,"skipped":0,"pct":0},"statements":{"total":26,"covered":0,"skipped":0,"pct":0},"branches":{"total":1,"covered":0,"skipped":0,"pct":0}}
,"/home/user/v0-lexora-accounting-saa-s/lib/comptable/inter-societes.ts": {"lines":{"total":202,"covered":123,"skipped":0,"pct":60.89},"functions":{"total":7,"covered":5,"skipped":0,"pct":71.42},"statements":{"total":202,"covered":123,"skipped":0,"pct":60.89},"branches":{"total":61,"covered":47,"skipped":0,"pct":77.04}}
,"/home/user/v0-lexora-accounting-saa-s/lib/connectors/bom-fx.ts": {"lines":{"total":75,"covered":0,"skipped":0,"pct":0},"functions":{"total":1,"covered":1,"skipped":0,"pct":100},"statements":{"total":75,"covered":0,"skipped":0,"pct":0},"branches":{"total":1,"covered":1,"skipped":0,"pct":100}}
,"/home/user/v0-lexora-accounting-saa-s/lib/contacts/validate.ts": {"lines":{"total":46,"covered":44,"skipped":0,"pct":95.65},"functions":{"total":1,"covered":1,"skipped":0,"pct":100},"statements":{"total":46,"covered":44,"skipped":0,"pct":95.65},"branches":{"total":54,"covered":39,"skipped":0,"pct":72.22}}
,"/home/user/v0-lexora-accounting-saa-s/lib/contrats/assistant.ts": {"lines":{"total":222,"covered":0,"skipped":0,"pct":0},"functions":{"total":1,"covered":0,"skipped":0,"pct":0},"statements":{"total":222,"covered":0,"skipped":0,"pct":0},"branches":{"total":1,"covered":0,"skipped":0,"pct":0}}
,"/home/user/v0-lexora-accounting-saa-s/lib/contrats/constants.ts": {"lines":{"total":44,"covered":0,"skipped":0,"pct":0},"functions":{"total":1,"covered":1,"skipped":0,"pct":100},"statements":{"total":44,"covered":0,"skipped":0,"pct":0},"branches":{"total":1,"covered":1,"skipped":0,"pct":100}}
,"/home/user/v0-lexora-accounting-saa-s/lib/credentials/employee-passwords.ts": {"lines":{"total":104,"covered":0,"skipped":0,"pct":0},"functions":{"total":1,"covered":0,"skipped":0,"pct":0},"statements":{"total":104,"covered":0,"skipped":0,"pct":0},"branches":{"total":1,"covered":0,"skipped":0,"pct":0}}
,"/home/user/v0-lexora-accounting-saa-s/lib/credentials/mra-vault.ts": {"lines":{"total":59,"covered":0,"skipped":0,"pct":0},"functions":{"total":1,"covered":0,"skipped":0,"pct":0},"statements":{"total":59,"covered":0,"skipped":0,"pct":0},"branches":{"total":1,"covered":0,"skipped":0,"pct":0}}
,"/home/user/v0-lexora-accounting-saa-s/lib/crypto/password-hash.ts": {"lines":{"total":18,"covered":0,"skipped":0,"pct":0},"functions":{"total":1,"covered":0,"skipped":0,"pct":0},"statements":{"total":18,"covered":0,"skipped":0,"pct":0},"branches":{"total":1,"covered":0,"skipped":0,"pct":0}}
,"/home/user/v0-lexora-accounting-saa-s/lib/crypto/symmetric.ts": {"lines":{"total":36,"covered":0,"skipped":0,"pct":0},"functions":{"total":1,"covered":0,"skipped":0,"pct":0},"statements":{"total":36,"covered":0,"skipped":0,"pct":0},"branches":{"total":1,"covered":0,"skipped":0,"pct":0}}
,"/home/user/v0-lexora-accounting-saa-s/lib/email/router.ts": {"lines":{"total":138,"covered":0,"skipped":0,"pct":0},"functions":{"total":1,"covered":0,"skipped":0,"pct":0},"statements":{"total":138,"covered":0,"skipped":0,"pct":0},"branches":{"total":1,"covered":0,"skipped":0,"pct":0}}
,"/home/user/v0-lexora-accounting-saa-s/lib/email/sendCredentials.ts": {"lines":{"total":69,"covered":0,"skipped":0,"pct":0},"functions":{"total":1,"covered":0,"skipped":0,"pct":0},"statements":{"total":69,"covered":0,"skipped":0,"pct":0},"branches":{"total":1,"covered":0,"skipped":0,"pct":0}}
,"/home/user/v0-lexora-accounting-saa-s/lib/expenses/auto-create.ts": {"lines":{"total":96,"covered":0,"skipped":0,"pct":0},"functions":{"total":1,"covered":1,"skipped":0,"pct":100},"statements":{"total":96,"covered":0,"skipped":0,"pct":0},"branches":{"total":1,"covered":1,"skipped":0,"pct":100}}
,"/home/user/v0-lexora-accounting-saa-s/lib/export/xlsx-helpers.ts": {"lines":{"total":79,"covered":65,"skipped":0,"pct":82.27},"functions":{"total":7,"covered":5,"skipped":0,"pct":71.42},"statements":{"total":79,"covered":65,"skipped":0,"pct":82.27},"branches":{"total":34,"covered":29,"skipped":0,"pct":85.29}}
,"/home/user/v0-lexora-accounting-saa-s/lib/factures/active-template.ts": {"lines":{"total":10,"covered":0,"skipped":0,"pct":0},"functions":{"total":1,"covered":1,"skipped":0,"pct":100},"statements":{"total":10,"covered":0,"skipped":0,"pct":0},"branches":{"total":1,"covered":1,"skipped":0,"pct":100}}
,"/home/user/v0-lexora-accounting-saa-s/lib/factures/ia-assistant.ts": {"lines":{"total":118,"covered":0,"skipped":0,"pct":0},"functions":{"total":1,"covered":0,"skipped":0,"pct":0},"statements":{"total":118,"covered":0,"skipped":0,"pct":0},"branches":{"total":1,"covered":0,"skipped":0,"pct":0}}
,"/home/user/v0-lexora-accounting-saa-s/lib/forex/historical-rates.ts": {"lines":{"total":62,"covered":0,"skipped":0,"pct":0},"functions":{"total":1,"covered":1,"skipped":0,"pct":100},"statements":{"total":62,"covered":0,"skipped":0,"pct":0},"branches":{"total":1,"covered":1,"skipped":0,"pct":100}}
,"/home/user/v0-lexora-accounting-saa-s/lib/forex/real-time-rates.ts": {"lines":{"total":155,"covered":64,"skipped":0,"pct":41.29},"functions":{"total":8,"covered":3,"skipped":0,"pct":37.5},"statements":{"total":155,"covered":64,"skipped":0,"pct":41.29},"branches":{"total":12,"covered":8,"skipped":0,"pct":66.66}}
,"/home/user/v0-lexora-accounting-saa-s/lib/google/calendar-client.ts": {"lines":{"total":130,"covered":0,"skipped":0,"pct":0},"functions":{"total":1,"covered":0,"skipped":0,"pct":0},"statements":{"total":130,"covered":0,"skipped":0,"pct":0},"branches":{"total":1,"covered":0,"skipped":0,"pct":0}}
,"/home/user/v0-lexora-accounting-saa-s/lib/google/oauth-state.ts": {"lines":{"total":48,"covered":0,"skipped":0,"pct":0},"functions":{"total":1,"covered":0,"skipped":0,"pct":0},"statements":{"total":48,"covered":0,"skipped":0,"pct":0},"branches":{"total":1,"covered":0,"skipped":0,"pct":0}}
,"/home/user/v0-lexora-accounting-saa-s/lib/help/content-en.ts": {"lines":{"total":2243,"covered":0,"skipped":0,"pct":0},"functions":{"total":1,"covered":1,"skipped":0,"pct":100},"statements":{"total":2243,"covered":0,"skipped":0,"pct":0},"branches":{"total":1,"covered":1,"skipped":0,"pct":100}}
,"/home/user/v0-lexora-accounting-saa-s/lib/help/content.ts": {"lines":{"total":2268,"covered":0,"skipped":0,"pct":0},"functions":{"total":1,"covered":1,"skipped":0,"pct":100},"statements":{"total":2268,"covered":0,"skipped":0,"pct":0},"branches":{"total":1,"covered":1,"skipped":0,"pct":100}}
,"/home/user/v0-lexora-accounting-saa-s/lib/i18n/accounting.ts": {"lines":{"total":4,"covered":0,"skipped":0,"pct":0},"functions":{"total":1,"covered":1,"skipped":0,"pct":100},"statements":{"total":4,"covered":0,"skipped":0,"pct":0},"branches":{"total":1,"covered":1,"skipped":0,"pct":100}}
,"/home/user/v0-lexora-accounting-saa-s/lib/i18n/admin.ts": {"lines":{"total":1432,"covered":0,"skipped":0,"pct":0},"functions":{"total":1,"covered":1,"skipped":0,"pct":100},"statements":{"total":1432,"covered":0,"skipped":0,"pct":0},"branches":{"total":1,"covered":1,"skipped":0,"pct":100}}
,"/home/user/v0-lexora-accounting-saa-s/lib/i18n/components.ts": {"lines":{"total":214,"covered":0,"skipped":0,"pct":0},"functions":{"total":1,"covered":1,"skipped":0,"pct":100},"statements":{"total":214,"covered":0,"skipped":0,"pct":0},"branches":{"total":1,"covered":1,"skipped":0,"pct":100}}
,"/home/user/v0-lexora-accounting-saa-s/lib/i18n/comptable.ts": {"lines":{"total":2618,"covered":0,"skipped":0,"pct":0},"functions":{"total":1,"covered":1,"skipped":0,"pct":100},"statements":{"total":2618,"covered":0,"skipped":0,"pct":0},"branches":{"total":1,"covered":1,"skipped":0,"pct":100}}
,"/home/user/v0-lexora-accounting-saa-s/lib/i18n/core.ts": {"lines":{"total":1234,"covered":0,"skipped":0,"pct":0},"functions":{"total":1,"covered":1,"skipped":0,"pct":100},"statements":{"total":1234,"covered":0,"skipped":0,"pct":0},"branches":{"total":1,"covered":1,"skipped":0,"pct":100}}
,"/home/user/v0-lexora-accounting-saa-s/lib/i18n/gbc.ts": {"lines":{"total":770,"covered":0,"skipped":0,"pct":0},"functions":{"total":1,"covered":1,"skipped":0,"pct":100},"statements":{"total":770,"covered":0,"skipped":0,"pct":0},"branches":{"total":1,"covered":1,"skipped":0,"pct":100}}
,"/home/user/v0-lexora-accounting-saa-s/lib/i18n/hr.ts": {"lines":{"total":610,"covered":0,"skipped":0,"pct":0},"functions":{"total":1,"covered":1,"skipped":0,"pct":100},"statements":{"total":610,"covered":0,"skipped":0,"pct":0},"branches":{"total":1,"covered":1,"skipped":0,"pct":100}}
,"/home/user/v0-lexora-accounting-saa-s/lib/i18n/invoicing.ts": {"lines":{"total":1688,"covered":0,"skipped":0,"pct":0},"functions":{"total":1,"covered":1,"skipped":0,"pct":100},"statements":{"total":1688,"covered":0,"skipped":0,"pct":0},"branches":{"total":1,"covered":1,"skipped":0,"pct":100}}
,"/home/user/v0-lexora-accounting-saa-s/lib/i18n/invoicing_ext.ts": {"lines":{"total":496,"covered":0,"skipped":0,"pct":0},"functions":{"total":1,"covered":1,"skipped":0,"pct":100},"statements":{"total":496,"covered":0,"skipped":0,"pct":0},"branches":{"total":1,"covered":1,"skipped":0,"pct":100}}
,"/home/user/v0-lexora-accounting-saa-s/lib/i18n/mra.ts": {"lines":{"total":630,"covered":0,"skipped":0,"pct":0},"functions":{"total":1,"covered":1,"skipped":0,"pct":100},"statements":{"total":630,"covered":0,"skipped":0,"pct":0},"branches":{"total":1,"covered":1,"skipped":0,"pct":100}}
,"/home/user/v0-lexora-accounting-saa-s/lib/i18n/mra_ext.ts": {"lines":{"total":508,"covered":0,"skipped":0,"pct":0},"functions":{"total":1,"covered":1,"skipped":0,"pct":100},"statements":{"total":508,"covered":0,"skipped":0,"pct":0},"branches":{"total":1,"covered":1,"skipped":0,"pct":100}}
,"/home/user/v0-lexora-accounting-saa-s/lib/i18n/public.ts": {"lines":{"total":838,"covered":0,"skipped":0,"pct":0},"functions":{"total":1,"covered":1,"skipped":0,"pct":100},"statements":{"total":838,"covered":0,"skipped":0,"pct":0},"branches":{"total":1,"covered":1,"skipped":0,"pct":100}}
,"/home/user/v0-lexora-accounting-saa-s/lib/i18n/rh_admin.ts": {"lines":{"total":3730,"covered":0,"skipped":0,"pct":0},"functions":{"total":1,"covered":1,"skipped":0,"pct":100},"statements":{"total":3730,"covered":0,"skipped":0,"pct":0},"branches":{"total":1,"covered":1,"skipped":0,"pct":100}}
,"/home/user/v0-lexora-accounting-saa-s/lib/ifrs/ias36-impairment-engine.ts": {"lines":{"total":89,"covered":24,"skipped":0,"pct":26.96},"functions":{"total":5,"covered":1,"skipped":0,"pct":20},"statements":{"total":89,"covered":24,"skipped":0,"pct":26.96},"branches":{"total":4,"covered":1,"skipped":0,"pct":25}}
,"/home/user/v0-lexora-accounting-saa-s/lib/ifrs/ias38-intangibles.ts": {"lines":{"total":37,"covered":0,"skipped":0,"pct":0},"functions":{"total":1,"covered":1,"skipped":0,"pct":100},"statements":{"total":37,"covered":0,"skipped":0,"pct":0},"branches":{"total":1,"covered":1,"skipped":0,"pct":100}}
,"/home/user/v0-lexora-accounting-saa-s/lib/ifrs/ias7-cash-flow.ts": {"lines":{"total":60,"covered":60,"skipped":0,"pct":100},"functions":{"total":1,"covered":1,"skipped":0,"pct":100},"statements":{"total":60,"covered":60,"skipped":0,"pct":100},"branches":{"total":4,"covered":4,"skipped":0,"pct":100}}
,"/home/user/v0-lexora-accounting-saa-s/lib/ifrs/ifrs10-eliminations.ts": {"lines":{"total":283,"covered":255,"skipped":0,"pct":90.1},"functions":{"total":12,"covered":11,"skipped":0,"pct":91.66},"statements":{"total":283,"covered":255,"skipped":0,"pct":90.1},"branches":{"total":122,"covered":104,"skipped":0,"pct":85.24}}
,"/home/user/v0-lexora-accounting-saa-s/lib/ifrs/ifrs13-fair-value-engine.ts": {"lines":{"total":94,"covered":29,"skipped":0,"pct":30.85},"functions":{"total":6,"covered":2,"skipped":0,"pct":33.33},"statements":{"total":94,"covered":29,"skipped":0,"pct":30.85},"branches":{"total":4,"covered":3,"skipped":0,"pct":75}}
,"/home/user/v0-lexora-accounting-saa-s/lib/ifrs/ifrs15-revenue-engine.ts": {"lines":{"total":128,"covered":74,"skipped":0,"pct":57.81},"functions":{"total":6,"covered":5,"skipped":0,"pct":83.33},"statements":{"total":128,"covered":74,"skipped":0,"pct":57.81},"branches":{"total":24,"covered":12,"skipped":0,"pct":50}}
,"/home/user/v0-lexora-accounting-saa-s/lib/ifrs/ifrs16-leases-engine.ts": {"lines":{"total":130,"covered":103,"skipped":0,"pct":79.23},"functions":{"total":4,"covered":3,"skipped":0,"pct":75},"statements":{"total":130,"covered":103,"skipped":0,"pct":79.23},"branches":{"total":14,"covered":6,"skipped":0,"pct":42.85}}
,"/home/user/v0-lexora-accounting-saa-s/lib/ifrs/ifrs9-ecl-engine.ts": {"lines":{"total":128,"covered":65,"skipped":0,"pct":50.78},"functions":{"total":4,"covered":2,"skipped":0,"pct":50},"statements":{"total":128,"covered":65,"skipped":0,"pct":50.78},"branches":{"total":19,"covered":13,"skipped":0,"pct":68.42}}
,"/home/user/v0-lexora-accounting-saa-s/lib/juridique/expertJuridique.ts": {"lines":{"total":214,"covered":0,"skipped":0,"pct":0},"functions":{"total":1,"covered":0,"skipped":0,"pct":0},"statements":{"total":214,"covered":0,"skipped":0,"pct":0},"branches":{"total":1,"covered":0,"skipped":0,"pct":0}}
,"/home/user/v0-lexora-accounting-saa-s/lib/jurisdictions/bootstrap.ts": {"lines":{"total":34,"covered":0,"skipped":0,"pct":0},"functions":{"total":1,"covered":0,"skipped":0,"pct":0},"statements":{"total":34,"covered":0,"skipped":0,"pct":0},"branches":{"total":1,"covered":0,"skipped":0,"pct":0}}
,"/home/user/v0-lexora-accounting-saa-s/lib/jurisdictions/index.ts": {"lines":{"total":1,"covered":0,"skipped":0,"pct":0},"functions":{"total":1,"covered":0,"skipped":0,"pct":0},"statements":{"total":1,"covered":0,"skipped":0,"pct":0},"branches":{"total":1,"covered":0,"skipped":0,"pct":0}}
,"/home/user/v0-lexora-accounting-saa-s/lib/jurisdictions/use-jurisdiction.ts": {"lines":{"total":49,"covered":0,"skipped":0,"pct":0},"functions":{"total":1,"covered":0,"skipped":0,"pct":0},"statements":{"total":49,"covered":0,"skipped":0,"pct":0},"branches":{"total":1,"covered":0,"skipped":0,"pct":0}}
,"/home/user/v0-lexora-accounting-saa-s/lib/jurisdictions/core/chart-of-accounts.interface.ts": {"lines":{"total":0,"covered":0,"skipped":0,"pct":0},"functions":{"total":1,"covered":1,"skipped":0,"pct":0},"statements":{"total":0,"covered":0,"skipped":0,"pct":0},"branches":{"total":1,"covered":1,"skipped":0,"pct":0}}
,"/home/user/v0-lexora-accounting-saa-s/lib/jurisdictions/core/financial-statements.interface.ts": {"lines":{"total":0,"covered":0,"skipped":0,"pct":0},"functions":{"total":1,"covered":1,"skipped":0,"pct":0},"statements":{"total":0,"covered":0,"skipped":0,"pct":0},"branches":{"total":1,"covered":1,"skipped":0,"pct":0}}
,"/home/user/v0-lexora-accounting-saa-s/lib/jurisdictions/core/index.ts": {"lines":{"total":7,"covered":0,"skipped":0,"pct":0},"functions":{"total":1,"covered":0,"skipped":0,"pct":0},"statements":{"total":7,"covered":0,"skipped":0,"pct":0},"branches":{"total":1,"covered":0,"skipped":0,"pct":0}}
,"/home/user/v0-lexora-accounting-saa-s/lib/jurisdictions/core/jurisdiction.interface.ts": {"lines":{"total":0,"covered":0,"skipped":0,"pct":0},"functions":{"total":1,"covered":1,"skipped":0,"pct":0},"statements":{"total":0,"covered":0,"skipped":0,"pct":0},"branches":{"total":1,"covered":1,"skipped":0,"pct":0}}
,"/home/user/v0-lexora-accounting-saa-s/lib/jurisdictions/core/payroll-engine.interface.ts": {"lines":{"total":0,"covered":0,"skipped":0,"pct":0},"functions":{"total":1,"covered":1,"skipped":0,"pct":0},"statements":{"total":0,"covered":0,"skipped":0,"pct":0},"branches":{"total":1,"covered":1,"skipped":0,"pct":0}}
,"/home/user/v0-lexora-accounting-saa-s/lib/jurisdictions/core/registry.ts": {"lines":{"total":26,"covered":26,"skipped":0,"pct":100},"functions":{"total":7,"covered":7,"skipped":0,"pct":100},"statements":{"total":26,"covered":26,"skipped":0,"pct":100},"branches":{"total":9,"covered":9,"skipped":0,"pct":100}}
,"/home/user/v0-lexora-accounting-saa-s/lib/jurisdictions/core/tax-engine.interface.ts": {"lines":{"total":0,"covered":0,"skipped":0,"pct":0},"functions":{"total":1,"covered":1,"skipped":0,"pct":0},"statements":{"total":0,"covered":0,"skipped":0,"pct":0},"branches":{"total":1,"covered":1,"skipped":0,"pct":0}}
,"/home/user/v0-lexora-accounting-saa-s/lib/jurisdictions/core/types.ts": {"lines":{"total":0,"covered":0,"skipped":0,"pct":0},"functions":{"total":1,"covered":1,"skipped":0,"pct":0},"statements":{"total":0,"covered":0,"skipped":0,"pct":0},"branches":{"total":1,"covered":1,"skipped":0,"pct":0}}
,"/home/user/v0-lexora-accounting-saa-s/lib/jurisdictions/i18n/index.ts": {"lines":{"total":15,"covered":0,"skipped":0,"pct":0},"functions":{"total":1,"covered":0,"skipped":0,"pct":0},"statements":{"total":15,"covered":0,"skipped":0,"pct":0},"branches":{"total":1,"covered":0,"skipped":0,"pct":0}}
,"/home/user/v0-lexora-accounting-saa-s/lib/jurisdictions/i18n/ohada-fr.ts": {"lines":{"total":78,"covered":0,"skipped":0,"pct":0},"functions":{"total":1,"covered":0,"skipped":0,"pct":0},"statements":{"total":78,"covered":0,"skipped":0,"pct":0},"branches":{"total":1,"covered":0,"skipped":0,"pct":0}}
,"/home/user/v0-lexora-accounting-saa-s/lib/jurisdictions/mapping/pcm-syscohada-mapping.ts": {"lines":{"total":49,"covered":0,"skipped":0,"pct":0},"functions":{"total":1,"covered":1,"skipped":0,"pct":100},"statements":{"total":49,"covered":0,"skipped":0,"pct":0},"branches":{"total":1,"covered":1,"skipped":0,"pct":100}}
,"/home/user/v0-lexora-accounting-saa-s/lib/jurisdictions/mauritius/index.ts": {"lines":{"total":1,"covered":0,"skipped":0,"pct":0},"functions":{"total":1,"covered":0,"skipped":0,"pct":0},"statements":{"total":1,"covered":0,"skipped":0,"pct":0},"branches":{"total":1,"covered":0,"skipped":0,"pct":0}}
,"/home/user/v0-lexora-accounting-saa-s/lib/jurisdictions/mauritius/jurisdiction.ts": {"lines":{"total":183,"covered":0,"skipped":0,"pct":0},"functions":{"total":1,"covered":1,"skipped":0,"pct":100},"statements":{"total":183,"covered":0,"skipped":0,"pct":0},"branches":{"total":1,"covered":1,"skipped":0,"pct":100}}
,"/home/user/v0-lexora-accounting-saa-s/lib/jurisdictions/ohada/chart-of-accounts.ts": {"lines":{"total":139,"covered":135,"skipped":0,"pct":97.12},"functions":{"total":8,"covered":6,"skipped":0,"pct":75},"statements":{"total":139,"covered":135,"skipped":0,"pct":97.12},"branches":{"total":12,"covered":11,"skipped":0,"pct":91.66}}
,"/home/user/v0-lexora-accounting-saa-s/lib/jurisdictions/ohada/conversion.ts": {"lines":{"total":64,"covered":0,"skipped":0,"pct":0},"functions":{"total":1,"covered":0,"skipped":0,"pct":0},"statements":{"total":64,"covered":0,"skipped":0,"pct":0},"branches":{"total":1,"covered":0,"skipped":0,"pct":0}}
,"/home/user/v0-lexora-accounting-saa-s/lib/jurisdictions/ohada/currencies.ts": {"lines":{"total":76,"covered":74,"skipped":0,"pct":97.36},"functions":{"total":3,"covered":3,"skipped":0,"pct":100},"statements":{"total":76,"covered":74,"skipped":0,"pct":97.36},"branches":{"total":20,"covered":18,"skipped":0,"pct":90}}
,"/home/user/v0-lexora-accounting-saa-s/lib/jurisdictions/ohada/index.ts": {"lines":{"total":1,"covered":0,"skipped":0,"pct":0},"functions":{"total":1,"covered":0,"skipped":0,"pct":0},"statements":{"total":1,"covered":0,"skipped":0,"pct":0},"branches":{"total":1,"covered":0,"skipped":0,"pct":0}}
,"/home/user/v0-lexora-accounting-saa-s/lib/jurisdictions/ohada/classes/classe-1-ressources-durables.ts": {"lines":{"total":894,"covered":894,"skipped":0,"pct":100},"functions":{"total":0,"covered":0,"skipped":0,"pct":100},"statements":{"total":894,"covered":894,"skipped":0,"pct":100},"branches":{"total":0,"covered":0,"skipped":0,"pct":100}}
,"/home/user/v0-lexora-accounting-saa-s/lib/jurisdictions/ohada/classes/classe-2-actif-immobilise.ts": {"lines":{"total":706,"covered":706,"skipped":0,"pct":100},"functions":{"total":0,"covered":0,"skipped":0,"pct":100},"statements":{"total":706,"covered":706,"skipped":0,"pct":100},"branches":{"total":0,"covered":0,"skipped":0,"pct":100}}
,"/home/user/v0-lexora-accounting-saa-s/lib/jurisdictions/ohada/classes/classe-3-stocks.ts": {"lines":{"total":363,"covered":363,"skipped":0,"pct":100},"functions":{"total":0,"covered":0,"skipped":0,"pct":100},"statements":{"total":363,"covered":363,"skipped":0,"pct":100},"branches":{"total":0,"covered":0,"skipped":0,"pct":100}}
,"/home/user/v0-lexora-accounting-saa-s/lib/jurisdictions/ohada/classes/classe-4-tiers.ts": {"lines":{"total":848,"covered":848,"skipped":0,"pct":100},"functions":{"total":0,"covered":0,"skipped":0,"pct":100},"statements":{"total":848,"covered":848,"skipped":0,"pct":100},"branches":{"total":0,"covered":0,"skipped":0,"pct":100}}
,"/home/user/v0-lexora-accounting-saa-s/lib/jurisdictions/ohada/classes/classe-5-tresorerie.ts": {"lines":{"total":354,"covered":354,"skipped":0,"pct":100},"functions":{"total":0,"covered":0,"skipped":0,"pct":100},"statements":{"total":354,"covered":354,"skipped":0,"pct":100},"branches":{"total":0,"covered":0,"skipped":0,"pct":100}}
,"/home/user/v0-lexora-accounting-saa-s/lib/jurisdictions/ohada/classes/classe-6-charges.ts": {"lines":{"total":772,"covered":772,"skipped":0,"pct":100},"functions":{"total":0,"covered":0,"skipped":0,"pct":100},"statements":{"total":772,"covered":772,"skipped":0,"pct":100},"branches":{"total":0,"covered":0,"skipped":0,"pct":100}}
,"/home/user/v0-lexora-accounting-saa-s/lib/jurisdictions/ohada/classes/classe-7-produits.ts": {"lines":{"total":582,"covered":582,"skipped":0,"pct":100},"functions":{"total":0,"covered":0,"skipped":0,"pct":100},"statements":{"total":582,"covered":582,"skipped":0,"pct":100},"branches":{"total":0,"covered":0,"skipped":0,"pct":100}}
,"/home/user/v0-lexora-accounting-saa-s/lib/jurisdictions/ohada/classes/classe-8-hao.ts": {"lines":{"total":393,"covered":393,"skipped":0,"pct":100},"functions":{"total":0,"covered":0,"skipped":0,"pct":100},"statements":{"total":393,"covered":393,"skipped":0,"pct":100},"branches":{"total":0,"covered":0,"skipped":0,"pct":100}}
,"/home/user/v0-lexora-accounting-saa-s/lib/jurisdictions/ohada/classes/classe-9-analytique.ts": {"lines":{"total":423,"covered":423,"skipped":0,"pct":100},"functions":{"total":0,"covered":0,"skipped":0,"pct":100},"statements":{"total":423,"covered":423,"skipped":0,"pct":100},"branches":{"total":0,"covered":0,"skipped":0,"pct":100}}
,"/home/user/v0-lexora-accounting-saa-s/lib/jurisdictions/ohada/countries/index.ts": {"lines":{"total":1,"covered":0,"skipped":0,"pct":0},"functions":{"total":1,"covered":0,"skipped":0,"pct":0},"statements":{"total":1,"covered":0,"skipped":0,"pct":0},"branches":{"total":1,"covered":0,"skipped":0,"pct":0}}
,"/home/user/v0-lexora-accounting-saa-s/lib/jurisdictions/ohada/countries/benin/payroll-config.ts": {"lines":{"total":23,"covered":0,"skipped":0,"pct":0},"functions":{"total":1,"covered":1,"skipped":0,"pct":100},"statements":{"total":23,"covered":0,"skipped":0,"pct":0},"branches":{"total":1,"covered":1,"skipped":0,"pct":100}}
,"/home/user/v0-lexora-accounting-saa-s/lib/jurisdictions/ohada/countries/benin/tax-config.ts": {"lines":{"total":17,"covered":0,"skipped":0,"pct":0},"functions":{"total":1,"covered":1,"skipped":0,"pct":100},"statements":{"total":17,"covered":0,"skipped":0,"pct":0},"branches":{"total":1,"covered":1,"skipped":0,"pct":100}}
,"/home/user/v0-lexora-accounting-saa-s/lib/jurisdictions/ohada/countries/burkina-faso/payroll-config.ts": {"lines":{"total":26,"covered":0,"skipped":0,"pct":0},"functions":{"total":1,"covered":1,"skipped":0,"pct":100},"statements":{"total":26,"covered":0,"skipped":0,"pct":0},"branches":{"total":1,"covered":1,"skipped":0,"pct":100}}
,"/home/user/v0-lexora-accounting-saa-s/lib/jurisdictions/ohada/countries/burkina-faso/tax-config.ts": {"lines":{"total":17,"covered":0,"skipped":0,"pct":0},"functions":{"total":1,"covered":1,"skipped":0,"pct":100},"statements":{"total":17,"covered":0,"skipped":0,"pct":0},"branches":{"total":1,"covered":1,"skipped":0,"pct":100}}
,"/home/user/v0-lexora-accounting-saa-s/lib/jurisdictions/ohada/countries/cameroon/index.ts": {"lines":{"total":1,"covered":0,"skipped":0,"pct":0},"functions":{"total":1,"covered":0,"skipped":0,"pct":0},"statements":{"total":1,"covered":0,"skipped":0,"pct":0},"branches":{"total":1,"covered":0,"skipped":0,"pct":0}}
,"/home/user/v0-lexora-accounting-saa-s/lib/jurisdictions/ohada/countries/cameroon/jurisdiction.ts": {"lines":{"total":90,"covered":0,"skipped":0,"pct":0},"functions":{"total":1,"covered":0,"skipped":0,"pct":0},"statements":{"total":90,"covered":0,"skipped":0,"pct":0},"branches":{"total":1,"covered":0,"skipped":0,"pct":0}}
,"/home/user/v0-lexora-accounting-saa-s/lib/jurisdictions/ohada/countries/cameroon/payroll-config.ts": {"lines":{"total":24,"covered":0,"skipped":0,"pct":0},"functions":{"total":1,"covered":1,"skipped":0,"pct":100},"statements":{"total":24,"covered":0,"skipped":0,"pct":0},"branches":{"total":1,"covered":1,"skipped":0,"pct":100}}
,"/home/user/v0-lexora-accounting-saa-s/lib/jurisdictions/ohada/countries/cameroon/tax-config.ts": {"lines":{"total":17,"covered":0,"skipped":0,"pct":0},"functions":{"total":1,"covered":1,"skipped":0,"pct":100},"statements":{"total":17,"covered":0,"skipped":0,"pct":0},"branches":{"total":1,"covered":1,"skipped":0,"pct":100}}
,"/home/user/v0-lexora-accounting-saa-s/lib/jurisdictions/ohada/countries/central-african-republic/payroll-config.ts": {"lines":{"total":23,"covered":0,"skipped":0,"pct":0},"functions":{"total":1,"covered":1,"skipped":0,"pct":100},"statements":{"total":23,"covered":0,"skipped":0,"pct":0},"branches":{"total":1,"covered":1,"skipped":0,"pct":100}}
,"/home/user/v0-lexora-accounting-saa-s/lib/jurisdictions/ohada/countries/central-african-republic/tax-config.ts": {"lines":{"total":18,"covered":0,"skipped":0,"pct":0},"functions":{"total":1,"covered":1,"skipped":0,"pct":100},"statements":{"total":18,"covered":0,"skipped":0,"pct":0},"branches":{"total":1,"covered":1,"skipped":0,"pct":100}}
,"/home/user/v0-lexora-accounting-saa-s/lib/jurisdictions/ohada/countries/chad/payroll-config.ts": {"lines":{"total":24,"covered":0,"skipped":0,"pct":0},"functions":{"total":1,"covered":1,"skipped":0,"pct":100},"statements":{"total":24,"covered":0,"skipped":0,"pct":0},"branches":{"total":1,"covered":1,"skipped":0,"pct":100}}
,"/home/user/v0-lexora-accounting-saa-s/lib/jurisdictions/ohada/countries/chad/tax-config.ts": {"lines":{"total":17,"covered":0,"skipped":0,"pct":0},"functions":{"total":1,"covered":1,"skipped":0,"pct":100},"statements":{"total":17,"covered":0,"skipped":0,"pct":0},"branches":{"total":1,"covered":1,"skipped":0,"pct":100}}
,"/home/user/v0-lexora-accounting-saa-s/lib/jurisdictions/ohada/countries/comoros/payroll-config.ts": {"lines":{"total":24,"covered":0,"skipped":0,"pct":0},"functions":{"total":1,"covered":1,"skipped":0,"pct":100},"statements":{"total":24,"covered":0,"skipped":0,"pct":0},"branches":{"total":1,"covered":1,"skipped":0,"pct":100}}
,"/home/user/v0-lexora-accounting-saa-s/lib/jurisdictions/ohada/countries/comoros/tax-config.ts": {"lines":{"total":16,"covered":0,"skipped":0,"pct":0},"functions":{"total":1,"covered":1,"skipped":0,"pct":100},"statements":{"total":16,"covered":0,"skipped":0,"pct":0},"branches":{"total":1,"covered":1,"skipped":0,"pct":100}}
,"/home/user/v0-lexora-accounting-saa-s/lib/jurisdictions/ohada/countries/congo/payroll-config.ts": {"lines":{"total":22,"covered":0,"skipped":0,"pct":0},"functions":{"total":1,"covered":1,"skipped":0,"pct":100},"statements":{"total":22,"covered":0,"skipped":0,"pct":0},"branches":{"total":1,"covered":1,"skipped":0,"pct":100}}
,"/home/user/v0-lexora-accounting-saa-s/lib/jurisdictions/ohada/countries/congo/tax-config.ts": {"lines":{"total":17,"covered":0,"skipped":0,"pct":0},"functions":{"total":1,"covered":1,"skipped":0,"pct":100},"statements":{"total":17,"covered":0,"skipped":0,"pct":0},"branches":{"total":1,"covered":1,"skipped":0,"pct":100}}
,"/home/user/v0-lexora-accounting-saa-s/lib/jurisdictions/ohada/countries/drc/payroll-config.ts": {"lines":{"total":21,"covered":0,"skipped":0,"pct":0},"functions":{"total":1,"covered":1,"skipped":0,"pct":100},"statements":{"total":21,"covered":0,"skipped":0,"pct":0},"branches":{"total":1,"covered":1,"skipped":0,"pct":100}}
,"/home/user/v0-lexora-accounting-saa-s/lib/jurisdictions/ohada/countries/drc/tax-config.ts": {"lines":{"total":17,"covered":0,"skipped":0,"pct":0},"functions":{"total":1,"covered":1,"skipped":0,"pct":100},"statements":{"total":17,"covered":0,"skipped":0,"pct":0},"branches":{"total":1,"covered":1,"skipped":0,"pct":100}}
,"/home/user/v0-lexora-accounting-saa-s/lib/jurisdictions/ohada/countries/equatorial-guinea/payroll-config.ts": {"lines":{"total":26,"covered":0,"skipped":0,"pct":0},"functions":{"total":1,"covered":1,"skipped":0,"pct":100},"statements":{"total":26,"covered":0,"skipped":0,"pct":0},"branches":{"total":1,"covered":1,"skipped":0,"pct":100}}
,"/home/user/v0-lexora-accounting-saa-s/lib/jurisdictions/ohada/countries/equatorial-guinea/tax-config.ts": {"lines":{"total":18,"covered":0,"skipped":0,"pct":0},"functions":{"total":1,"covered":1,"skipped":0,"pct":100},"statements":{"total":18,"covered":0,"skipped":0,"pct":0},"branches":{"total":1,"covered":1,"skipped":0,"pct":100}}
,"/home/user/v0-lexora-accounting-saa-s/lib/jurisdictions/ohada/countries/gabon/payroll-config.ts": {"lines":{"total":26,"covered":0,"skipped":0,"pct":0},"functions":{"total":1,"covered":1,"skipped":0,"pct":100},"statements":{"total":26,"covered":0,"skipped":0,"pct":0},"branches":{"total":1,"covered":1,"skipped":0,"pct":100}}
,"/home/user/v0-lexora-accounting-saa-s/lib/jurisdictions/ohada/countries/gabon/tax-config.ts": {"lines":{"total":18,"covered":0,"skipped":0,"pct":0},"functions":{"total":1,"covered":1,"skipped":0,"pct":100},"statements":{"total":18,"covered":0,"skipped":0,"pct":0},"branches":{"total":1,"covered":1,"skipped":0,"pct":100}}
,"/home/user/v0-lexora-accounting-saa-s/lib/jurisdictions/ohada/countries/guinea/payroll-config.ts": {"lines":{"total":23,"covered":0,"skipped":0,"pct":0},"functions":{"total":1,"covered":1,"skipped":0,"pct":100},"statements":{"total":23,"covered":0,"skipped":0,"pct":0},"branches":{"total":1,"covered":1,"skipped":0,"pct":100}}
,"/home/user/v0-lexora-accounting-saa-s/lib/jurisdictions/ohada/countries/guinea/tax-config.ts": {"lines":{"total":17,"covered":0,"skipped":0,"pct":0},"functions":{"total":1,"covered":1,"skipped":0,"pct":100},"statements":{"total":17,"covered":0,"skipped":0,"pct":0},"branches":{"total":1,"covered":1,"skipped":0,"pct":100}}
,"/home/user/v0-lexora-accounting-saa-s/lib/jurisdictions/ohada/countries/guinea-bissau/payroll-config.ts": {"lines":{"total":23,"covered":0,"skipped":0,"pct":0},"functions":{"total":1,"covered":1,"skipped":0,"pct":100},"statements":{"total":23,"covered":0,"skipped":0,"pct":0},"branches":{"total":1,"covered":1,"skipped":0,"pct":100}}
,"/home/user/v0-lexora-accounting-saa-s/lib/jurisdictions/ohada/countries/guinea-bissau/tax-config.ts": {"lines":{"total":16,"covered":0,"skipped":0,"pct":0},"functions":{"total":1,"covered":1,"skipped":0,"pct":100},"statements":{"total":16,"covered":0,"skipped":0,"pct":0},"branches":{"total":1,"covered":1,"skipped":0,"pct":100}}
,"/home/user/v0-lexora-accounting-saa-s/lib/jurisdictions/ohada/countries/ivory-coast/index.ts": {"lines":{"total":1,"covered":0,"skipped":0,"pct":0},"functions":{"total":1,"covered":0,"skipped":0,"pct":0},"statements":{"total":1,"covered":0,"skipped":0,"pct":0},"branches":{"total":1,"covered":0,"skipped":0,"pct":0}}
,"/home/user/v0-lexora-accounting-saa-s/lib/jurisdictions/ohada/countries/ivory-coast/jurisdiction.ts": {"lines":{"total":90,"covered":0,"skipped":0,"pct":0},"functions":{"total":1,"covered":0,"skipped":0,"pct":0},"statements":{"total":90,"covered":0,"skipped":0,"pct":0},"branches":{"total":1,"covered":0,"skipped":0,"pct":0}}
,"/home/user/v0-lexora-accounting-saa-s/lib/jurisdictions/ohada/countries/ivory-coast/payroll-config.ts": {"lines":{"total":31,"covered":0,"skipped":0,"pct":0},"functions":{"total":1,"covered":1,"skipped":0,"pct":100},"statements":{"total":31,"covered":0,"skipped":0,"pct":0},"branches":{"total":1,"covered":1,"skipped":0,"pct":100}}
,"/home/user/v0-lexora-accounting-saa-s/lib/jurisdictions/ohada/countries/ivory-coast/tax-config.ts": {"lines":{"total":19,"covered":0,"skipped":0,"pct":0},"functions":{"total":1,"covered":1,"skipped":0,"pct":100},"statements":{"total":19,"covered":0,"skipped":0,"pct":0},"branches":{"total":1,"covered":1,"skipped":0,"pct":100}}
,"/home/user/v0-lexora-accounting-saa-s/lib/jurisdictions/ohada/countries/mali/payroll-config.ts": {"lines":{"total":31,"covered":0,"skipped":0,"pct":0},"functions":{"total":1,"covered":1,"skipped":0,"pct":100},"statements":{"total":31,"covered":0,"skipped":0,"pct":0},"branches":{"total":1,"covered":1,"skipped":0,"pct":100}}
,"/home/user/v0-lexora-accounting-saa-s/lib/jurisdictions/ohada/countries/mali/tax-config.ts": {"lines":{"total":18,"covered":0,"skipped":0,"pct":0},"functions":{"total":1,"covered":1,"skipped":0,"pct":100},"statements":{"total":18,"covered":0,"skipped":0,"pct":0},"branches":{"total":1,"covered":1,"skipped":0,"pct":100}}
,"/home/user/v0-lexora-accounting-saa-s/lib/jurisdictions/ohada/countries/niger/payroll-config.ts": {"lines":{"total":27,"covered":0,"skipped":0,"pct":0},"functions":{"total":1,"covered":1,"skipped":0,"pct":100},"statements":{"total":27,"covered":0,"skipped":0,"pct":0},"branches":{"total":1,"covered":1,"skipped":0,"pct":100}}
,"/home/user/v0-lexora-accounting-saa-s/lib/jurisdictions/ohada/countries/niger/tax-config.ts": {"lines":{"total":17,"covered":0,"skipped":0,"pct":0},"functions":{"total":1,"covered":1,"skipped":0,"pct":100},"statements":{"total":17,"covered":0,"skipped":0,"pct":0},"branches":{"total":1,"covered":1,"skipped":0,"pct":100}}
,"/home/user/v0-lexora-accounting-saa-s/lib/jurisdictions/ohada/countries/senegal/index.ts": {"lines":{"total":1,"covered":0,"skipped":0,"pct":0},"functions":{"total":1,"covered":0,"skipped":0,"pct":0},"statements":{"total":1,"covered":0,"skipped":0,"pct":0},"branches":{"total":1,"covered":0,"skipped":0,"pct":0}}
,"/home/user/v0-lexora-accounting-saa-s/lib/jurisdictions/ohada/countries/senegal/jurisdiction.ts": {"lines":{"total":90,"covered":76,"skipped":0,"pct":84.44},"functions":{"total":14,"covered":6,"skipped":0,"pct":42.85},"statements":{"total":90,"covered":76,"skipped":0,"pct":84.44},"branches":{"total":14,"covered":11,"skipped":0,"pct":78.57}}
,"/home/user/v0-lexora-accounting-saa-s/lib/jurisdictions/ohada/countries/senegal/payroll-config.ts": {"lines":{"total":30,"covered":30,"skipped":0,"pct":100},"functions":{"total":0,"covered":0,"skipped":0,"pct":100},"statements":{"total":30,"covered":30,"skipped":0,"pct":100},"branches":{"total":0,"covered":0,"skipped":0,"pct":100}}
,"/home/user/v0-lexora-accounting-saa-s/lib/jurisdictions/ohada/countries/senegal/tax-config.ts": {"lines":{"total":19,"covered":19,"skipped":0,"pct":100},"functions":{"total":0,"covered":0,"skipped":0,"pct":100},"statements":{"total":19,"covered":19,"skipped":0,"pct":100},"branches":{"total":0,"covered":0,"skipped":0,"pct":100}}
,"/home/user/v0-lexora-accounting-saa-s/lib/jurisdictions/ohada/countries/togo/payroll-config.ts": {"lines":{"total":24,"covered":0,"skipped":0,"pct":0},"functions":{"total":1,"covered":1,"skipped":0,"pct":100},"statements":{"total":24,"covered":0,"skipped":0,"pct":0},"branches":{"total":1,"covered":1,"skipped":0,"pct":100}}
,"/home/user/v0-lexora-accounting-saa-s/lib/jurisdictions/ohada/countries/togo/tax-config.ts": {"lines":{"total":17,"covered":0,"skipped":0,"pct":0},"functions":{"total":1,"covered":1,"skipped":0,"pct":100},"statements":{"total":17,"covered":0,"skipped":0,"pct":0},"branches":{"total":1,"covered":1,"skipped":0,"pct":100}}
,"/home/user/v0-lexora-accounting-saa-s/lib/jurisdictions/ohada/payroll/base-payroll-engine.ts": {"lines":{"total":204,"covered":14,"skipped":0,"pct":6.86},"functions":{"total":10,"covered":1,"skipped":0,"pct":10},"statements":{"total":204,"covered":14,"skipped":0,"pct":6.86},"branches":{"total":1,"covered":1,"skipped":0,"pct":100}}
,"/home/user/v0-lexora-accounting-saa-s/lib/jurisdictions/ohada/payroll/index.ts": {"lines":{"total":1,"covered":0,"skipped":0,"pct":0},"functions":{"total":1,"covered":0,"skipped":0,"pct":0},"statements":{"total":1,"covered":0,"skipped":0,"pct":0},"branches":{"total":1,"covered":0,"skipped":0,"pct":0}}
,"/home/user/v0-lexora-accounting-saa-s/lib/jurisdictions/ohada/statements/bilan.ts": {"lines":{"total":345,"covered":0,"skipped":0,"pct":0},"functions":{"total":1,"covered":1,"skipped":0,"pct":100},"statements":{"total":345,"covered":0,"skipped":0,"pct":0},"branches":{"total":1,"covered":1,"skipped":0,"pct":100}}
,"/home/user/v0-lexora-accounting-saa-s/lib/jurisdictions/ohada/statements/compte-resultat.ts": {"lines":{"total":190,"covered":0,"skipped":0,"pct":0},"functions":{"total":1,"covered":1,"skipped":0,"pct":100},"statements":{"total":190,"covered":0,"skipped":0,"pct":0},"branches":{"total":1,"covered":1,"skipped":0,"pct":100}}
,"/home/user/v0-lexora-accounting-saa-s/lib/jurisdictions/ohada/statements/index.ts": {"lines":{"total":1,"covered":0,"skipped":0,"pct":0},"functions":{"total":1,"covered":0,"skipped":0,"pct":0},"statements":{"total":1,"covered":0,"skipped":0,"pct":0},"branches":{"total":1,"covered":0,"skipped":0,"pct":0}}
,"/home/user/v0-lexora-accounting-saa-s/lib/jurisdictions/ohada/statements/notes-annexes.ts": {"lines":{"total":1096,"covered":0,"skipped":0,"pct":0},"functions":{"total":1,"covered":1,"skipped":0,"pct":100},"statements":{"total":1096,"covered":0,"skipped":0,"pct":0},"branches":{"total":1,"covered":1,"skipped":0,"pct":100}}
,"/home/user/v0-lexora-accounting-saa-s/lib/jurisdictions/ohada/statements/systeme-minimal-tresorerie.ts": {"lines":{"total":119,"covered":0,"skipped":0,"pct":0},"functions":{"total":1,"covered":1,"skipped":0,"pct":100},"statements":{"total":119,"covered":0,"skipped":0,"pct":0},"branches":{"total":1,"covered":1,"skipped":0,"pct":100}}
,"/home/user/v0-lexora-accounting-saa-s/lib/jurisdictions/ohada/statements/tafire.ts": {"lines":{"total":213,"covered":0,"skipped":0,"pct":0},"functions":{"total":1,"covered":1,"skipped":0,"pct":100},"statements":{"total":213,"covered":0,"skipped":0,"pct":0},"branches":{"total":1,"covered":1,"skipped":0,"pct":100}}
,"/home/user/v0-lexora-accounting-saa-s/lib/jurisdictions/ohada/tax/base-tax-engine.ts": {"lines":{"total":185,"covered":83,"skipped":0,"pct":44.86},"functions":{"total":10,"covered":4,"skipped":0,"pct":40},"statements":{"total":185,"covered":83,"skipped":0,"pct":44.86},"branches":{"total":7,"covered":5,"skipped":0,"pct":71.42}}
,"/home/user/v0-lexora-accounting-saa-s/lib/jurisdictions/ohada/tax/index.ts": {"lines":{"total":1,"covered":0,"skipped":0,"pct":0},"functions":{"total":1,"covered":0,"skipped":0,"pct":0},"statements":{"total":1,"covered":0,"skipped":0,"pct":0},"branches":{"total":1,"covered":0,"skipped":0,"pct":0}}
,"/home/user/v0-lexora-accounting-saa-s/lib/jurisdictions/ohada/validation/journal-entry-schema.ts": {"lines":{"total":46,"covered":0,"skipped":0,"pct":0},"functions":{"total":1,"covered":0,"skipped":0,"pct":0},"statements":{"total":46,"covered":0,"skipped":0,"pct":0},"branches":{"total":1,"covered":0,"skipped":0,"pct":0}}
,"/home/user/v0-lexora-accounting-saa-s/lib/lexora-billing/create-invoice.ts": {"lines":{"total":120,"covered":0,"skipped":0,"pct":0},"functions":{"total":1,"covered":1,"skipped":0,"pct":100},"statements":{"total":120,"covered":0,"skipped":0,"pct":0},"branches":{"total":1,"covered":1,"skipped":0,"pct":100}}
,"/home/user/v0-lexora-accounting-saa-s/lib/lexora-billing/dunning.ts": {"lines":{"total":137,"covered":0,"skipped":0,"pct":0},"functions":{"total":1,"covered":1,"skipped":0,"pct":100},"statements":{"total":137,"covered":0,"skipped":0,"pct":0},"branches":{"total":1,"covered":1,"skipped":0,"pct":100}}
,"/home/user/v0-lexora-accounting-saa-s/lib/lexora-billing/types.ts": {"lines":{"total":0,"covered":0,"skipped":0,"pct":0},"functions":{"total":1,"covered":1,"skipped":0,"pct":0},"statements":{"total":0,"covered":0,"skipped":0,"pct":0},"branches":{"total":1,"covered":1,"skipped":0,"pct":0}}
,"/home/user/v0-lexora-accounting-saa-s/lib/mra/roc-validation.ts": {"lines":{"total":40,"covered":40,"skipped":0,"pct":100},"functions":{"total":1,"covered":1,"skipped":0,"pct":100},"statements":{"total":40,"covered":40,"skipped":0,"pct":100},"branches":{"total":13,"covered":12,"skipped":0,"pct":92.3}}
,"/home/user/v0-lexora-accounting-saa-s/lib/planning/converters.ts": {"lines":{"total":61,"covered":0,"skipped":0,"pct":0},"functions":{"total":1,"covered":1,"skipped":0,"pct":100},"statements":{"total":61,"covered":0,"skipped":0,"pct":0},"branches":{"total":1,"covered":1,"skipped":0,"pct":100}}
,"/home/user/v0-lexora-accounting-saa-s/lib/planning/presets.ts": {"lines":{"total":66,"covered":0,"skipped":0,"pct":0},"functions":{"total":1,"covered":1,"skipped":0,"pct":100},"statements":{"total":66,"covered":0,"skipped":0,"pct":0},"branches":{"total":1,"covered":1,"skipped":0,"pct":100}}
,"/home/user/v0-lexora-accounting-saa-s/lib/planning/ui-presets.ts": {"lines":{"total":97,"covered":0,"skipped":0,"pct":0},"functions":{"total":1,"covered":1,"skipped":0,"pct":100},"statements":{"total":97,"covered":0,"skipped":0,"pct":0},"branches":{"total":1,"covered":1,"skipped":0,"pct":100}}
,"/home/user/v0-lexora-accounting-saa-s/lib/planning/wra-explanations.ts": {"lines":{"total":18,"covered":0,"skipped":0,"pct":0},"functions":{"total":1,"covered":1,"skipped":0,"pct":100},"statements":{"total":18,"covered":0,"skipped":0,"pct":0},"branches":{"total":1,"covered":1,"skipped":0,"pct":100}}
,"/home/user/v0-lexora-accounting-saa-s/lib/recurrences/recurrences-factures.ts": {"lines":{"total":201,"covered":108,"skipped":0,"pct":53.73},"functions":{"total":7,"covered":4,"skipped":0,"pct":57.14},"statements":{"total":201,"covered":108,"skipped":0,"pct":53.73},"branches":{"total":27,"covered":19,"skipped":0,"pct":70.37}}
,"/home/user/v0-lexora-accounting-saa-s/lib/relances/relances-factures.ts": {"lines":{"total":319,"covered":263,"skipped":0,"pct":82.44},"functions":{"total":13,"covered":11,"skipped":0,"pct":84.61},"statements":{"total":319,"covered":263,"skipped":0,"pct":82.44},"branches":{"total":80,"covered":44,"skipped":0,"pct":55}}
,"/home/user/v0-lexora-accounting-saa-s/lib/relances/templates.ts": {"lines":{"total":37,"covered":37,"skipped":0,"pct":100},"functions":{"total":3,"covered":3,"skipped":0,"pct":100},"statements":{"total":37,"covered":37,"skipped":0,"pct":100},"branches":{"total":6,"covered":5,"skipped":0,"pct":83.33}}
,"/home/user/v0-lexora-accounting-saa-s/lib/rh/access.ts": {"lines":{"total":97,"covered":0,"skipped":0,"pct":0},"functions":{"total":1,"covered":0,"skipped":0,"pct":0},"statements":{"total":97,"covered":0,"skipped":0,"pct":0},"branches":{"total":1,"covered":0,"skipped":0,"pct":0}}
,"/home/user/v0-lexora-accounting-saa-s/lib/rh/accrual-mensuel.ts": {"lines":{"total":88,"covered":0,"skipped":0,"pct":0},"functions":{"total":1,"covered":1,"skipped":0,"pct":100},"statements":{"total":88,"covered":0,"skipped":0,"pct":0},"branches":{"total":1,"covered":1,"skipped":0,"pct":100}}
,"/home/user/v0-lexora-accounting-saa-s/lib/rh/banques-mauritius-db.ts": {"lines":{"total":19,"covered":0,"skipped":0,"pct":0},"functions":{"total":1,"covered":1,"skipped":0,"pct":100},"statements":{"total":19,"covered":0,"skipped":0,"pct":0},"branches":{"total":1,"covered":1,"skipped":0,"pct":100}}
,"/home/user/v0-lexora-accounting-saa-s/lib/rh/banques-mauritius.ts": {"lines":{"total":228,"covered":0,"skipped":0,"pct":0},"functions":{"total":1,"covered":1,"skipped":0,"pct":100},"statements":{"total":228,"covered":0,"skipped":0,"pct":0},"branches":{"total":1,"covered":1,"skipped":0,"pct":100}}
,"/home/user/v0-lexora-accounting-saa-s/lib/rh/calculateWorkingDays.ts": {"lines":{"total":86,"covered":0,"skipped":0,"pct":0},"functions":{"total":1,"covered":1,"skipped":0,"pct":100},"statements":{"total":86,"covered":0,"skipped":0,"pct":0},"branches":{"total":1,"covered":1,"skipped":0,"pct":100}}
,"/home/user/v0-lexora-accounting-saa-s/lib/rh/cash-in-lieu.ts": {"lines":{"total":186,"covered":0,"skipped":0,"pct":0},"functions":{"total":1,"covered":1,"skipped":0,"pct":100},"statements":{"total":186,"covered":0,"skipped":0,"pct":0},"branches":{"total":1,"covered":1,"skipped":0,"pct":100}}
,"/home/user/v0-lexora-accounting-saa-s/lib/rh/contratsTemplates.ts": {"lines":{"total":50,"covered":0,"skipped":0,"pct":0},"functions":{"total":1,"covered":1,"skipped":0,"pct":100},"statements":{"total":50,"covered":0,"skipped":0,"pct":0},"branches":{"total":1,"covered":1,"skipped":0,"pct":100}}
,"/home/user/v0-lexora-accounting-saa-s/lib/rh/declarations-mra-paco.ts": {"lines":{"total":262,"covered":0,"skipped":0,"pct":0},"functions":{"total":1,"covered":1,"skipped":0,"pct":100},"statements":{"total":262,"covered":0,"skipped":0,"pct":0},"branches":{"total":1,"covered":1,"skipped":0,"pct":100}}
,"/home/user/v0-lexora-accounting-saa-s/lib/rh/declarations-mra-prgf.ts": {"lines":{"total":178,"covered":0,"skipped":0,"pct":0},"functions":{"total":1,"covered":0,"skipped":0,"pct":0},"statements":{"total":178,"covered":0,"skipped":0,"pct":0},"branches":{"total":1,"covered":0,"skipped":0,"pct":0}}
,"/home/user/v0-lexora-accounting-saa-s/lib/rh/declarations-mra.ts": {"lines":{"total":520,"covered":0,"skipped":0,"pct":0},"functions":{"total":1,"covered":1,"skipped":0,"pct":100},"statements":{"total":520,"covered":0,"skipped":0,"pct":0},"branches":{"total":1,"covered":1,"skipped":0,"pct":100}}
,"/home/user/v0-lexora-accounting-saa-s/lib/rh/depart-pdf-shared.ts": {"lines":{"total":188,"covered":0,"skipped":0,"pct":0},"functions":{"total":1,"covered":0,"skipped":0,"pct":0},"statements":{"total":188,"covered":0,"skipped":0,"pct":0},"branches":{"total":1,"covered":0,"skipped":0,"pct":0}}
,"/home/user/v0-lexora-accounting-saa-s/lib/rh/disturbance-allowance.ts": {"lines":{"total":123,"covered":0,"skipped":0,"pct":0},"functions":{"total":1,"covered":1,"skipped":0,"pct":100},"statements":{"total":123,"covered":0,"skipped":0,"pct":0},"branches":{"total":1,"covered":1,"skipped":0,"pct":100}}
,"/home/user/v0-lexora-accounting-saa-s/lib/rh/documents-rh.ts": {"lines":{"total":223,"covered":0,"skipped":0,"pct":0},"functions":{"total":1,"covered":1,"skipped":0,"pct":100},"statements":{"total":223,"covered":0,"skipped":0,"pct":0},"branches":{"total":1,"covered":1,"skipped":0,"pct":100}}
,"/home/user/v0-lexora-accounting-saa-s/lib/rh/eoy-bonus-bulletin.ts": {"lines":{"total":210,"covered":0,"skipped":0,"pct":0},"functions":{"total":1,"covered":0,"skipped":0,"pct":0},"statements":{"total":210,"covered":0,"skipped":0,"pct":0},"branches":{"total":1,"covered":0,"skipped":0,"pct":0}}
,"/home/user/v0-lexora-accounting-saa-s/lib/rh/eoy-bonus.ts": {"lines":{"total":278,"covered":0,"skipped":0,"pct":0},"functions":{"total":1,"covered":1,"skipped":0,"pct":100},"statements":{"total":278,"covered":0,"skipped":0,"pct":0},"branches":{"total":1,"covered":1,"skipped":0,"pct":100}}
,"/home/user/v0-lexora-accounting-saa-s/lib/rh/expertRH.ts": {"lines":{"total":37,"covered":0,"skipped":0,"pct":0},"functions":{"total":1,"covered":0,"skipped":0,"pct":0},"statements":{"total":37,"covered":0,"skipped":0,"pct":0},"branches":{"total":1,"covered":0,"skipped":0,"pct":0}}
,"/home/user/v0-lexora-accounting-saa-s/lib/rh/ias19-eoy-provisions.ts": {"lines":{"total":348,"covered":0,"skipped":0,"pct":0},"functions":{"total":1,"covered":1,"skipped":0,"pct":100},"statements":{"total":348,"covered":0,"skipped":0,"pct":0},"branches":{"total":1,"covered":1,"skipped":0,"pct":100}}
,"/home/user/v0-lexora-accounting-saa-s/lib/rh/ias19-provisions.ts": {"lines":{"total":311,"covered":0,"skipped":0,"pct":0},"functions":{"total":1,"covered":1,"skipped":0,"pct":100},"statements":{"total":311,"covered":0,"skipped":0,"pct":0},"branches":{"total":1,"covered":1,"skipped":0,"pct":100}}
,"/home/user/v0-lexora-accounting-saa-s/lib/rh/import-primes.ts": {"lines":{"total":266,"covered":0,"skipped":0,"pct":0},"functions":{"total":1,"covered":0,"skipped":0,"pct":0},"statements":{"total":266,"covered":0,"skipped":0,"pct":0},"branches":{"total":1,"covered":0,"skipped":0,"pct":0}}
,"/home/user/v0-lexora-accounting-saa-s/lib/rh/jours-ouvrables.ts": {"lines":{"total":50,"covered":0,"skipped":0,"pct":0},"functions":{"total":1,"covered":0,"skipped":0,"pct":0},"statements":{"total":50,"covered":0,"skipped":0,"pct":0},"branches":{"total":1,"covered":0,"skipped":0,"pct":0}}
,"/home/user/v0-lexora-accounting-saa-s/lib/rh/ot-aggregate.ts": {"lines":{"total":62,"covered":0,"skipped":0,"pct":0},"functions":{"total":1,"covered":1,"skipped":0,"pct":100},"statements":{"total":62,"covered":0,"skipped":0,"pct":0},"branches":{"total":1,"covered":1,"skipped":0,"pct":100}}
,"/home/user/v0-lexora-accounting-saa-s/lib/rh/overtime.ts": {"lines":{"total":463,"covered":0,"skipped":0,"pct":0},"functions":{"total":1,"covered":0,"skipped":0,"pct":0},"statements":{"total":463,"covered":0,"skipped":0,"pct":0},"branches":{"total":1,"covered":0,"skipped":0,"pct":0}}
,"/home/user/v0-lexora-accounting-saa-s/lib/rh/ownership.ts": {"lines":{"total":43,"covered":0,"skipped":0,"pct":0},"functions":{"total":1,"covered":1,"skipped":0,"pct":100},"statements":{"total":43,"covered":0,"skipped":0,"pct":0},"branches":{"total":1,"covered":1,"skipped":0,"pct":100}}
,"/home/user/v0-lexora-accounting-saa-s/lib/rh/paie.ts": {"lines":{"total":211,"covered":0,"skipped":0,"pct":0},"functions":{"total":1,"covered":1,"skipped":0,"pct":100},"statements":{"total":211,"covered":0,"skipped":0,"pct":0},"branches":{"total":1,"covered":1,"skipped":0,"pct":100}}
,"/home/user/v0-lexora-accounting-saa-s/lib/rh/period.ts": {"lines":{"total":15,"covered":0,"skipped":0,"pct":0},"functions":{"total":1,"covered":1,"skipped":0,"pct":100},"statements":{"total":15,"covered":0,"skipped":0,"pct":0},"branches":{"total":1,"covered":1,"skipped":0,"pct":100}}
,"/home/user/v0-lexora-accounting-saa-s/lib/rh/periode-paie.ts": {"lines":{"total":125,"covered":0,"skipped":0,"pct":0},"functions":{"total":1,"covered":1,"skipped":0,"pct":100},"statements":{"total":125,"covered":0,"skipped":0,"pct":0},"branches":{"total":1,"covered":1,"skipped":0,"pct":100}}
,"/home/user/v0-lexora-accounting-saa-s/lib/rh/pointage-sessions.ts": {"lines":{"total":135,"covered":0,"skipped":0,"pct":0},"functions":{"total":1,"covered":1,"skipped":0,"pct":100},"statements":{"total":135,"covered":0,"skipped":0,"pct":0},"branches":{"total":1,"covered":1,"skipped":0,"pct":100}}
,"/home/user/v0-lexora-accounting-saa-s/lib/rh/protection-maternite.ts": {"lines":{"total":225,"covered":0,"skipped":0,"pct":0},"functions":{"total":1,"covered":1,"skipped":0,"pct":100},"statements":{"total":225,"covered":0,"skipped":0,"pct":0},"branches":{"total":1,"covered":1,"skipped":0,"pct":100}}
,"/home/user/v0-lexora-accounting-saa-s/lib/rh/provisions-conges.ts": {"lines":{"total":49,"covered":0,"skipped":0,"pct":0},"functions":{"total":1,"covered":1,"skipped":0,"pct":100},"statements":{"total":49,"covered":0,"skipped":0,"pct":0},"branches":{"total":1,"covered":1,"skipped":0,"pct":100}}
,"/home/user/v0-lexora-accounting-saa-s/lib/rh/registres-s116.ts": {"lines":{"total":186,"covered":0,"skipped":0,"pct":0},"functions":{"total":1,"covered":1,"skipped":0,"pct":100},"statements":{"total":186,"covered":0,"skipped":0,"pct":0},"branches":{"total":1,"covered":1,"skipped":0,"pct":100}}
,"/home/user/v0-lexora-accounting-saa-s/lib/rh/severance.ts": {"lines":{"total":209,"covered":0,"skipped":0,"pct":0},"functions":{"total":1,"covered":1,"skipped":0,"pct":100},"statements":{"total":209,"covered":0,"skipped":0,"pct":0},"branches":{"total":1,"covered":1,"skipped":0,"pct":100}}
,"/home/user/v0-lexora-accounting-saa-s/lib/rh/soldes-conges.ts": {"lines":{"total":290,"covered":0,"skipped":0,"pct":0},"functions":{"total":1,"covered":1,"skipped":0,"pct":100},"statements":{"total":290,"covered":0,"skipped":0,"pct":0},"branches":{"total":1,"covered":1,"skipped":0,"pct":100}}
,"/home/user/v0-lexora-accounting-saa-s/lib/rh/types-conges.ts": {"lines":{"total":171,"covered":0,"skipped":0,"pct":0},"functions":{"total":1,"covered":1,"skipped":0,"pct":100},"statements":{"total":171,"covered":0,"skipped":0,"pct":0},"branches":{"total":1,"covered":1,"skipped":0,"pct":100}}
,"/home/user/v0-lexora-accounting-saa-s/lib/rh/unpaid.ts": {"lines":{"total":62,"covered":0,"skipped":0,"pct":0},"functions":{"total":1,"covered":1,"skipped":0,"pct":100},"statements":{"total":62,"covered":0,"skipped":0,"pct":0},"branches":{"total":1,"covered":1,"skipped":0,"pct":100}}
,"/home/user/v0-lexora-accounting-saa-s/lib/security/hmac-auth.ts": {"lines":{"total":99,"covered":83,"skipped":0,"pct":83.83},"functions":{"total":6,"covered":6,"skipped":0,"pct":100},"statements":{"total":99,"covered":83,"skipped":0,"pct":83.83},"branches":{"total":28,"covered":21,"skipped":0,"pct":75}}
,"/home/user/v0-lexora-accounting-saa-s/lib/security/safe-equal.ts": {"lines":{"total":11,"covered":11,"skipped":0,"pct":100},"functions":{"total":2,"covered":2,"skipped":0,"pct":100},"statements":{"total":11,"covered":11,"skipped":0,"pct":100},"branches":{"total":7,"covered":7,"skipped":0,"pct":100}}
,"/home/user/v0-lexora-accounting-saa-s/lib/storage/societe-logo.ts": {"lines":{"total":63,"covered":31,"skipped":0,"pct":49.2},"functions":{"total":4,"covered":2,"skipped":0,"pct":50},"statements":{"total":63,"covered":31,"skipped":0,"pct":49.2},"branches":{"total":10,"covered":10,"skipped":0,"pct":100}}
,"/home/user/v0-lexora-accounting-saa-s/lib/supabase/admin.ts": {"lines":{"total":11,"covered":2,"skipped":0,"pct":18.18},"functions":{"total":1,"covered":0,"skipped":0,"pct":0},"statements":{"total":11,"covered":2,"skipped":0,"pct":18.18},"branches":{"total":0,"covered":0,"skipped":0,"pct":100}}
,"/home/user/v0-lexora-accounting-saa-s/lib/supabase/api-keys.ts": {"lines":{"total":37,"covered":0,"skipped":0,"pct":0},"functions":{"total":1,"covered":0,"skipped":0,"pct":0},"statements":{"total":37,"covered":0,"skipped":0,"pct":0},"branches":{"total":1,"covered":0,"skipped":0,"pct":0}}
,"/home/user/v0-lexora-accounting-saa-s/lib/supabase/assert-societe-access.ts": {"lines":{"total":122,"covered":0,"skipped":0,"pct":0},"functions":{"total":1,"covered":1,"skipped":0,"pct":100},"statements":{"total":122,"covered":0,"skipped":0,"pct":0},"branches":{"total":1,"covered":1,"skipped":0,"pct":100}}
,"/home/user/v0-lexora-accounting-saa-s/lib/supabase/auth-resolver.ts": {"lines":{"total":44,"covered":0,"skipped":0,"pct":0},"functions":{"total":1,"covered":0,"skipped":0,"pct":0},"statements":{"total":44,"covered":0,"skipped":0,"pct":0},"branches":{"total":1,"covered":0,"skipped":0,"pct":0}}
,"/home/user/v0-lexora-accounting-saa-s/lib/supabase/client.ts": {"lines":{"total":7,"covered":0,"skipped":0,"pct":0},"functions":{"total":1,"covered":0,"skipped":0,"pct":0},"statements":{"total":7,"covered":0,"skipped":0,"pct":0},"branches":{"total":1,"covered":0,"skipped":0,"pct":0}}
,"/home/user/v0-lexora-accounting-saa-s/lib/supabase/middleware.ts": {"lines":{"total":176,"covered":0,"skipped":0,"pct":0},"functions":{"total":1,"covered":0,"skipped":0,"pct":0},"statements":{"total":176,"covered":0,"skipped":0,"pct":0},"branches":{"total":1,"covered":0,"skipped":0,"pct":0}}
,"/home/user/v0-lexora-accounting-saa-s/lib/supabase/paginate.ts": {"lines":{"total":24,"covered":0,"skipped":0,"pct":0},"functions":{"total":1,"covered":1,"skipped":0,"pct":100},"statements":{"total":24,"covered":0,"skipped":0,"pct":0},"branches":{"total":1,"covered":1,"skipped":0,"pct":100}}
,"/home/user/v0-lexora-accounting-saa-s/lib/supabase/server.ts": {"lines":{"total":23,"covered":1,"skipped":0,"pct":4.34},"functions":{"total":1,"covered":0,"skipped":0,"pct":0},"statements":{"total":23,"covered":1,"skipped":0,"pct":4.34},"branches":{"total":0,"covered":0,"skipped":0,"pct":100}}
,"/home/user/v0-lexora-accounting-saa-s/lib/supabase/with-societe-access.ts": {"lines":{"total":36,"covered":0,"skipped":0,"pct":0},"functions":{"total":1,"covered":0,"skipped":0,"pct":0},"statements":{"total":36,"covered":0,"skipped":0,"pct":0},"branches":{"total":1,"covered":0,"skipped":0,"pct":0}}
,"/home/user/v0-lexora-accounting-saa-s/lib/telegram/auth.ts": {"lines":{"total":151,"covered":0,"skipped":0,"pct":0},"functions":{"total":1,"covered":0,"skipped":0,"pct":0},"statements":{"total":151,"covered":0,"skipped":0,"pct":0},"branches":{"total":1,"covered":0,"skipped":0,"pct":0}}
,"/home/user/v0-lexora-accounting-saa-s/lib/telegram/document-ingest.ts": {"lines":{"total":146,"covered":0,"skipped":0,"pct":0},"functions":{"total":1,"covered":0,"skipped":0,"pct":0},"statements":{"total":146,"covered":0,"skipped":0,"pct":0},"branches":{"total":1,"covered":0,"skipped":0,"pct":0}}
,"/home/user/v0-lexora-accounting-saa-s/lib/telegram/expense-ocr.ts": {"lines":{"total":123,"covered":23,"skipped":0,"pct":18.69},"functions":{"total":4,"covered":1,"skipped":0,"pct":25},"statements":{"total":123,"covered":23,"skipped":0,"pct":18.69},"branches":{"total":3,"covered":3,"skipped":0,"pct":100}}
,"/home/user/v0-lexora-accounting-saa-s/lib/telegram/internal-auth.ts": {"lines":{"total":215,"covered":0,"skipped":0,"pct":0},"functions":{"total":1,"covered":0,"skipped":0,"pct":0},"statements":{"total":215,"covered":0,"skipped":0,"pct":0},"branches":{"total":1,"covered":0,"skipped":0,"pct":0}}
,"/home/user/v0-lexora-accounting-saa-s/lib/telegram/knowledge-base.ts": {"lines":{"total":11,"covered":0,"skipped":0,"pct":0},"functions":{"total":1,"covered":1,"skipped":0,"pct":100},"statements":{"total":11,"covered":0,"skipped":0,"pct":0},"branches":{"total":1,"covered":1,"skipped":0,"pct":100}}
,"/home/user/v0-lexora-accounting-saa-s/lib/telegram/memory.ts": {"lines":{"total":141,"covered":0,"skipped":0,"pct":0},"functions":{"total":1,"covered":0,"skipped":0,"pct":0},"statements":{"total":141,"covered":0,"skipped":0,"pct":0},"branches":{"total":1,"covered":0,"skipped":0,"pct":0}}
,"/home/user/v0-lexora-accounting-saa-s/lib/telegram/mra-robot.ts": {"lines":{"total":181,"covered":150,"skipped":0,"pct":82.87},"functions":{"total":5,"covered":5,"skipped":0,"pct":100},"statements":{"total":181,"covered":150,"skipped":0,"pct":82.87},"branches":{"total":38,"covered":27,"skipped":0,"pct":71.05}}
,"/home/user/v0-lexora-accounting-saa-s/lib/telegram/notify.ts": {"lines":{"total":115,"covered":0,"skipped":0,"pct":0},"functions":{"total":1,"covered":0,"skipped":0,"pct":0},"statements":{"total":115,"covered":0,"skipped":0,"pct":0},"branches":{"total":1,"covered":0,"skipped":0,"pct":0}}
,"/home/user/v0-lexora-accounting-saa-s/lib/telegram/pointage-nlp.ts": {"lines":{"total":23,"covered":23,"skipped":0,"pct":100},"functions":{"total":2,"covered":2,"skipped":0,"pct":100},"statements":{"total":23,"covered":23,"skipped":0,"pct":100},"branches":{"total":12,"covered":12,"skipped":0,"pct":100}}
,"/home/user/v0-lexora-accounting-saa-s/lib/telegram/voice-transcribe.ts": {"lines":{"total":81,"covered":0,"skipped":0,"pct":0},"functions":{"total":1,"covered":1,"skipped":0,"pct":100},"statements":{"total":81,"covered":0,"skipped":0,"pct":0},"branches":{"total":1,"covered":1,"skipped":0,"pct":100}}
,"/home/user/v0-lexora-accounting-saa-s/lib/types/index.ts": {"lines":{"total":0,"covered":0,"skipped":0,"pct":0},"functions":{"total":1,"covered":1,"skipped":0,"pct":0},"statements":{"total":0,"covered":0,"skipped":0,"pct":0},"branches":{"total":1,"covered":1,"skipped":0,"pct":0}}
,"/home/user/v0-lexora-accounting-saa-s/lib/utils/bank-amount.ts": {"lines":{"total":97,"covered":86,"skipped":0,"pct":88.65},"functions":{"total":3,"covered":3,"skipped":0,"pct":100},"statements":{"total":97,"covered":86,"skipped":0,"pct":88.65},"branches":{"total":57,"covered":49,"skipped":0,"pct":85.96}}
,"/home/user/v0-lexora-accounting-saa-s/lib/utils/bank-utils.ts": {"lines":{"total":162,"covered":0,"skipped":0,"pct":0},"functions":{"total":1,"covered":0,"skipped":0,"pct":0},"statements":{"total":162,"covered":0,"skipped":0,"pct":0},"branches":{"total":1,"covered":0,"skipped":0,"pct":0}}
,"/home/user/v0-lexora-accounting-saa-s/lib/utils/toast.ts": {"lines":{"total":16,"covered":0,"skipped":0,"pct":0},"functions":{"total":1,"covered":0,"skipped":0,"pct":0},"statements":{"total":16,"covered":0,"skipped":0,"pct":0},"branches":{"total":1,"covered":0,"skipped":0,"pct":0}}
}
